<?xml version="1.0" encoding="UTF-8"?>
<testsuite name="com.ssafy.hebees.HebeesSpringBootGateWayApplicationTests" tests="1" skipped="0" failures="0" errors="0" timestamp="2025-10-19T06:01:44.911Z" hostname="choeminseog-ui-MacBookPro.local" time="0.446">
  <properties/>
  <testcase name="contextLoads()" classname="com.ssafy.hebees.HebeesSpringBootGateWayApplicationTests" time="0.446"/>
  <system-out><![CDATA[15:01:43.812 [Test worker] INFO org.springframework.test.context.support.AnnotationConfigContextLoaderUtils -- Could not detect default configuration classes for test class [com.ssafy.hebees.HebeesSpringBootGateWayApplicationTests]: HebeesSpringBootGateWayApplicationTests does not declare any static, non-private, non-final, nested classes annotated with @Configuration.
15:01:43.845 [Test worker] INFO org.springframework.boot.test.context.SpringBootTestContextBootstrapper -- Found @SpringBootConfiguration com.ssafy.hebees.HebeesSpringBootGateWayApplication for test class com.ssafy.hebees.HebeesSpringBootGateWayApplicationTests

  .   ____          _            __ _ _
 /\\ / ___'_ __ _ _(_)_ __  __ _ \ \ \ \
( ( )\___ | '_ | '_| | '_ \/ _` | \ \ \ \
 \\/  ___)| |_)| | | | | || (_| |  ) ) ) )
  '  |____| .__|_| |_|_| |_\__, | / / / /
 =========|_|==============|___/=/_/_/_/
 :: Spring Boot ::                (v3.2.5)

2025-10-19T15:01:44.025+09:00  INFO 92230 --- [HEBEES SpringBoot GateWay] [    Test worker] .HebeesSpringBootGateWayApplicationTests : Starting HebeesSpringBootGateWayApplicationTests using Java 21.0.4 with PID 92230 (started by minseok in /Users/minseok/Desktop/hebees/S13P31S407/spring-gateway-repo)
2025-10-19T15:01:44.026+09:00  INFO 92230 --- [HEBEES SpringBoot GateWay] [    Test worker] .HebeesSpringBootGateWayApplicationTests : No active profile set, falling back to 1 default profile: "default"
2025-10-19T15:01:44.256+09:00  INFO 92230 --- [HEBEES SpringBoot GateWay] [    Test worker] .s.d.r.c.RepositoryConfigurationDelegate : Multiple Spring Data modules found, entering strict repository configuration mode
2025-10-19T15:01:44.257+09:00  INFO 92230 --- [HEBEES SpringBoot GateWay] [    Test worker] .s.d.r.c.RepositoryConfigurationDelegate : Bootstrapping Spring Data Redis repositories in DEFAULT mode.
2025-10-19T15:01:44.267+09:00  INFO 92230 --- [HEBEES SpringBoot GateWay] [    Test worker] .s.d.r.c.RepositoryConfigurationDelegate : Finished Spring Data repository scanning in 5 ms. Found 0 Redis repository interfaces.
2025-10-19T15:01:44.332+09:00  INFO 92230 --- [HEBEES SpringBoot GateWay] [    Test worker] o.s.cloud.context.scope.GenericScope     : BeanFactory id=74d56d88-c5e5-33c6-9b40-944af666d397
2025-10-19T15:01:44.507+09:00 ERROR 92230 --- [HEBEES SpringBoot GateWay] [    Test worker] i.n.r.d.DnsServerAddressStreamProviders  : Unable to load io.netty.resolver.dns.macos.MacOSDnsServerAddressStreamProvider, fallback to system defaults. This may result in incorrect DNS resolutions on MacOS. Check whether you have a dependency on 'io.netty:netty-resolver-dns-native-macos'. Use DEBUG level to see the full stack: java.lang.UnsatisfiedLinkError: failed to load the required native library
2025-10-19T15:01:44.718+09:00 DEBUG 92230 --- [HEBEES SpringBoot GateWay] [    Test worker] o.s.c.gateway.config.GatewayProperties   : Routes supplied from Gateway Properties: [RouteDefinition{id='backend-service', predicates=[PredicateDefinition{name='Path', args={_genkey_0=/api/**}}], filters=[FilterDefinition{name='RewritePath', args={_genkey_0=/api/(?<segment>.*), _genkey_1=/api/$\{segment}}}], uri=http://localhost:8081, order=0, metadata={}}]
2025-10-19T15:01:44.745+09:00  INFO 92230 --- [HEBEES SpringBoot GateWay] [    Test worker] o.s.c.g.r.RouteDefinitionRouteLocator    : Loaded RoutePredicateFactory [After]
2025-10-19T15:01:44.745+09:00  INFO 92230 --- [HEBEES SpringBoot GateWay] [    Test worker] o.s.c.g.r.RouteDefinitionRouteLocator    : Loaded RoutePredicateFactory [Before]
2025-10-19T15:01:44.745+09:00  INFO 92230 --- [HEBEES SpringBoot GateWay] [    Test worker] o.s.c.g.r.RouteDefinitionRouteLocator    : Loaded RoutePredicateFactory [Between]
2025-10-19T15:01:44.745+09:00  INFO 92230 --- [HEBEES SpringBoot GateWay] [    Test worker] o.s.c.g.r.RouteDefinitionRouteLocator    : Loaded RoutePredicateFactory [Cookie]
2025-10-19T15:01:44.745+09:00  INFO 92230 --- [HEBEES SpringBoot GateWay] [    Test worker] o.s.c.g.r.RouteDefinitionRouteLocator    : Loaded RoutePredicateFactory [Header]
2025-10-19T15:01:44.745+09:00  INFO 92230 --- [HEBEES SpringBoot GateWay] [    Test worker] o.s.c.g.r.RouteDefinitionRouteLocator    : Loaded RoutePredicateFactory [Host]
2025-10-19T15:01:44.745+09:00  INFO 92230 --- [HEBEES SpringBoot GateWay] [    Test worker] o.s.c.g.r.RouteDefinitionRouteLocator    : Loaded RoutePredicateFactory [Method]
2025-10-19T15:01:44.745+09:00  INFO 92230 --- [HEBEES SpringBoot GateWay] [    Test worker] o.s.c.g.r.RouteDefinitionRouteLocator    : Loaded RoutePredicateFactory [Path]
2025-10-19T15:01:44.745+09:00  INFO 92230 --- [HEBEES SpringBoot GateWay] [    Test worker] o.s.c.g.r.RouteDefinitionRouteLocator    : Loaded RoutePredicateFactory [Query]
2025-10-19T15:01:44.745+09:00  INFO 92230 --- [HEBEES SpringBoot GateWay] [    Test worker] o.s.c.g.r.RouteDefinitionRouteLocator    : Loaded RoutePredicateFactory [ReadBody]
2025-10-19T15:01:44.746+09:00  INFO 92230 --- [HEBEES SpringBoot GateWay] [    Test worker] o.s.c.g.r.RouteDefinitionRouteLocator    : Loaded RoutePredicateFactory [RemoteAddr]
2025-10-19T15:01:44.746+09:00  INFO 92230 --- [HEBEES SpringBoot GateWay] [    Test worker] o.s.c.g.r.RouteDefinitionRouteLocator    : Loaded RoutePredicateFactory [XForwardedRemoteAddr]
2025-10-19T15:01:44.746+09:00  INFO 92230 --- [HEBEES SpringBoot GateWay] [    Test worker] o.s.c.g.r.RouteDefinitionRouteLocator    : Loaded RoutePredicateFactory [Weight]
2025-10-19T15:01:44.746+09:00  INFO 92230 --- [HEBEES SpringBoot GateWay] [    Test worker] o.s.c.g.r.RouteDefinitionRouteLocator    : Loaded RoutePredicateFactory [CloudFoundryRouteService]
2025-10-19T15:01:44.779+09:00 DEBUG 92230 --- [HEBEES SpringBoot GateWay] [    Test worker] o.s.w.r.handler.SimpleUrlHandlerMapping  : Patterns [/webjars/**, /**] in 'resourceHandlerMapping'
2025-10-19T15:01:44.794+09:00 DEBUG 92230 --- [HEBEES SpringBoot GateWay] [    Test worker] o.s.w.r.r.m.a.ControllerMethodResolver   : ControllerAdvice beans: none
2025-10-19T15:01:44.860+09:00 DEBUG 92230 --- [HEBEES SpringBoot GateWay] [    Test worker] o.s.c.g.r.RouteDefinitionRouteLocator    : RouteDefinition backend-service applying {_genkey_0=/api/**} to Path
2025-10-19T15:01:44.869+09:00 DEBUG 92230 --- [HEBEES SpringBoot GateWay] [    Test worker] o.s.c.g.r.RouteDefinitionRouteLocator    : RouteDefinition backend-service applying filter {} to JwtAuthentication
2025-10-19T15:01:44.870+09:00 DEBUG 92230 --- [HEBEES SpringBoot GateWay] [    Test worker] o.s.c.g.r.RouteDefinitionRouteLocator    : RouteDefinition backend-service applying filter {_genkey_0=/api/(?<segment>.*), _genkey_1=/api/$\{segment}} to RewritePath
2025-10-19T15:01:44.873+09:00 DEBUG 92230 --- [HEBEES SpringBoot GateWay] [    Test worker] o.s.c.g.r.RouteDefinitionRouteLocator    : RouteDefinition matched: backend-service
2025-10-19T15:01:44.898+09:00  INFO 92230 --- [HEBEES SpringBoot GateWay] [    Test worker] .HebeesSpringBootGateWayApplicationTests : Started HebeesSpringBootGateWayApplicationTests in 0.994 seconds (process running for 1.416)
]]></system-out>
  <system-err><![CDATA[WARNING: A Java agent has been loaded dynamically (/Users/minseok/.gradle/caches/modules-2/files-2.1/net.bytebuddy/byte-buddy-agent/1.14.13/979ce25f7d3096a2e82214ba7dc972a05ce7a171/byte-buddy-agent-1.14.13.jar)
WARNING: If a serviceability tool is in use, please run with -XX:+EnableDynamicAgentLoading to hide this warning
WARNING: If a serviceability tool is not in use, please run with -Djdk.instrument.traceUsage for more information
WARNING: Dynamic loading of agents will be disallowed by default in a future release
]]></system-err>
</testsuite>
